<?xml version="1.0" encoding="UTF-8"?>
<!-- Generated by org.testng.reporters.JUnitReportReporter -->
<testsuite skipped="0" hostname="Dhaliwal-macs-MacBook-Air.local" name="com.inetbanking.test_cases.TestCase_001_LoginTest" tests="1" failures="0" timestamp="2020-05-05T11:51:17 IST" time="3.756" errors="0">
  <testcase name="loginTest" time="3.756" classname="com.inetbanking.test_cases.TestCase_001_LoginTest"/>
  <system-out/>
</testsuite> <!-- com.inetbanking.test_cases.TestCase_001_LoginTest -->
