<?xml version="1.0" encoding="UTF-8"?>
<!-- Generated by org.testng.reporters.JUnitReportReporter -->
<testsuite skipped="0" hostname="Dhaliwal-macs-MacBook-Air.local" name="com.inetbanking.test_cases.TestCase_003_AddCustomer" tests="1" failures="0" timestamp="2020-05-04T19:16:55 IST" time="7.343" errors="0">
  <testcase name="addNewCutomer" time="7.343" classname="com.inetbanking.test_cases.TestCase_003_AddCustomer"/>
  <system-out/>
</testsuite> <!-- com.inetbanking.test_cases.TestCase_003_AddCustomer -->
